<?xml version="1.0" encoding="UTF-8"?>
<testng-results ignored="0" total="1" passed="1" failed="0" skipped="0">
  <reporter-output>
    <line>
      <![CDATA[Enter your mobile number]]>
    </line>
    <line>
      <![CDATA[Click On SignIN Button]]>
    </line>
    <line>
      <![CDATA[Enter your Password Button]]>
    </line>
    <line>
      <![CDATA[Click on Sumbit Button ]]>
    </line>
    <line>
      <![CDATA[Click On OK Button]]>
    </line>
    <line>
      <![CDATA[Click on Close Button]]>
    </line>
    <line>
      <![CDATA[Expecyed and actual username is matched Test case is pass]]>
    </line>
    <line>
      <![CDATA[Click On LogOut Button]]>
    </line>
  </reporter-output>
  <suite started-at="2022-11-30T13:51:50 IST" name="Default suite" finished-at="2022-11-30T13:52:07 IST" duration-ms="17620">
    <groups>
    </groups>
    <test started-at="2022-11-30T13:51:50 IST" name="Default test" finished-at="2022-11-30T13:52:07 IST" duration-ms="17620">
      <class name="neoStoxTest.NeoStoxTest">
        <test-method is-config="true" signature="beforeClass()[pri:0, instance:neoStoxTest.NeoStoxTest@55634720]" started-at="2022-11-30T13:51:50 IST" name="beforeClass" finished-at="2022-11-30T13:51:57 IST" duration-ms="7428" status="PASS">
          <reporter-output>
          </reporter-output>
        </test-method> <!-- beforeClass -->
        <test-method is-config="true" signature="beforeMethod()[pri:0, instance:neoStoxTest.NeoStoxTest@55634720]" started-at="2022-11-30T13:51:57 IST" name="beforeMethod" finished-at="2022-11-30T13:52:07 IST" duration-ms="9468" status="PASS">
          <reporter-output>
            <line>
              <![CDATA[Enter your mobile number]]>
            </line>
            <line>
              <![CDATA[Click On SignIN Button]]>
            </line>
            <line>
              <![CDATA[Enter your Password Button]]>
            </line>
            <line>
              <![CDATA[Click on Sumbit Button ]]>
            </line>
            <line>
              <![CDATA[Click On OK Button]]>
            </line>
            <line>
              <![CDATA[Click on Close Button]]>
            </line>
          </reporter-output>
        </test-method> <!-- beforeMethod -->
        <test-method signature="f()[pri:0, instance:neoStoxTest.NeoStoxTest@55634720]" started-at="2022-11-30T13:52:07 IST" name="f" finished-at="2022-11-30T13:52:07 IST" duration-ms="40" status="PASS">
          <reporter-output>
            <line>
              <![CDATA[Expecyed and actual username is matched Test case is pass]]>
            </line>
          </reporter-output>
        </test-method> <!-- f -->
        <test-method is-config="true" signature="afterMethod()[pri:0, instance:neoStoxTest.NeoStoxTest@55634720]" started-at="2022-11-30T13:52:07 IST" name="afterMethod" finished-at="2022-11-30T13:52:07 IST" duration-ms="231" status="PASS">
          <reporter-output>
            <line>
              <![CDATA[Click On LogOut Button]]>
            </line>
          </reporter-output>
        </test-method> <!-- afterMethod -->
        <test-method is-config="true" signature="afterClass()[pri:0, instance:neoStoxTest.NeoStoxTest@55634720]" started-at="2022-11-30T13:52:07 IST" name="afterClass" finished-at="2022-11-30T13:52:07 IST" duration-ms="413" status="PASS">
          <reporter-output>
          </reporter-output>
        </test-method> <!-- afterClass -->
      </class> <!-- neoStoxTest.NeoStoxTest -->
    </test> <!-- Default test -->
  </suite> <!-- Default suite -->
</testng-results>
